2022-08-30 12:18:48.603  INFO 9884 --- [restartedMain] c.n.e.EDetectionServerApplication        : Starting EDetectionServerApplication using Java 17.0.1 on legendBibhu with PID 9884 (D:\NIC\Applications\Vahan_app\vahan_app\eDetection2.0\e-detection-server-2.0\target\classes started by Dell in D:\NIC\Applications\Vahan_app\vahan_app\eDetection2.0\e-detection-server-2.0)
2022-08-30 12:18:48.603  INFO 9884 --- [restartedMain] c.n.e.EDetectionServerApplication        : No active profile set, falling back to default profiles: default
2022-08-30 12:18:49.941  INFO 9884 --- [restartedMain] .s.d.r.c.RepositoryConfigurationDelegate : Bootstrapping Spring Data JPA repositories in DEFAULT mode.
2022-08-30 12:18:50.034  INFO 9884 --- [restartedMain] .s.d.r.c.RepositoryConfigurationDelegate : Finished Spring Data repository scanning in 93 ms. Found 10 JPA repository interfaces.
2022-08-30 12:18:50.114  INFO 9884 --- [restartedMain] ptablePropertiesBeanFactoryPostProcessor : Post-processing PropertySource instances
2022-08-30 12:18:50.114  INFO 9884 --- [restartedMain] c.u.j.EncryptablePropertySourceConverter : Converting PropertySource configurationProperties [org.springframework.boot.context.properties.source.ConfigurationPropertySourcesPropertySource] to AOP Proxy
2022-08-30 12:18:50.114  INFO 9884 --- [restartedMain] c.u.j.EncryptablePropertySourceConverter : Converting PropertySource commandLineArgs [org.springframework.core.env.SimpleCommandLinePropertySource] to EncryptableEnumerablePropertySourceWrapper
2022-08-30 12:18:50.114  INFO 9884 --- [restartedMain] c.u.j.EncryptablePropertySourceConverter : Converting PropertySource servletConfigInitParams [org.springframework.core.env.PropertySource$StubPropertySource] to EncryptablePropertySourceWrapper
2022-08-30 12:18:50.114  INFO 9884 --- [restartedMain] c.u.j.EncryptablePropertySourceConverter : Converting PropertySource servletContextInitParams [org.springframework.core.env.PropertySource$StubPropertySource] to EncryptablePropertySourceWrapper
2022-08-30 12:18:50.115  INFO 9884 --- [restartedMain] c.u.j.EncryptablePropertySourceConverter : Converting PropertySource systemProperties [org.springframework.core.env.PropertiesPropertySource] to EncryptableMapPropertySourceWrapper
2022-08-30 12:18:50.115  INFO 9884 --- [restartedMain] c.u.j.EncryptablePropertySourceConverter : Converting PropertySource systemEnvironment [org.springframework.boot.env.SystemEnvironmentPropertySourceEnvironmentPostProcessor$OriginAwareSystemEnvironmentPropertySource] to EncryptableSystemEnvironmentPropertySourceWrapper
2022-08-30 12:18:50.115  INFO 9884 --- [restartedMain] c.u.j.EncryptablePropertySourceConverter : Converting PropertySource random [org.springframework.boot.env.RandomValuePropertySource] to EncryptablePropertySourceWrapper
2022-08-30 12:18:50.115  INFO 9884 --- [restartedMain] c.u.j.EncryptablePropertySourceConverter : Converting PropertySource Config resource 'class path resource [application.properties]' via location 'optional:classpath:/' [org.springframework.boot.env.OriginTrackedMapPropertySource] to EncryptableMapPropertySourceWrapper
2022-08-30 12:18:50.115  INFO 9884 --- [restartedMain] c.u.j.EncryptablePropertySourceConverter : Converting PropertySource devtools [org.springframework.core.env.MapPropertySource] to EncryptableMapPropertySourceWrapper
2022-08-30 12:18:50.150  INFO 9884 --- [restartedMain] c.u.j.filter.DefaultLazyPropertyFilter   : Property Filter custom Bean not found with name 'encryptablePropertyFilter'. Initializing Default Property Filter
2022-08-30 12:18:50.176  INFO 9884 --- [restartedMain] c.u.j.r.DefaultLazyPropertyResolver      : Property Resolver custom Bean not found with name 'encryptablePropertyResolver'. Initializing Default Property Resolver
2022-08-30 12:18:50.177  INFO 9884 --- [restartedMain] c.u.j.d.DefaultLazyPropertyDetector      : Property Detector custom Bean not found with name 'encryptablePropertyDetector'. Initializing Default Property Detector
2022-08-30 12:18:50.307  INFO 9884 --- [restartedMain] o.s.b.w.embedded.tomcat.TomcatWebServer  : Tomcat initialized with port(s): 8090 (http)
2022-08-30 12:18:50.309  INFO 9884 --- [restartedMain] o.apache.catalina.core.StandardService   : Starting service [Tomcat]
2022-08-30 12:18:50.309  INFO 9884 --- [restartedMain] org.apache.catalina.core.StandardEngine  : Starting Servlet engine: [Apache Tomcat/9.0.56]
2022-08-30 12:18:50.374  INFO 9884 --- [restartedMain] o.a.c.c.C.[.[.[/eDetectionServer]        : Initializing Spring embedded WebApplicationContext
2022-08-30 12:18:50.374  INFO 9884 --- [restartedMain] w.s.c.ServletWebServerApplicationContext : Root WebApplicationContext: initialization completed in 1768 ms
2022-08-30 12:18:50.436  INFO 9884 --- [restartedMain] o.hibernate.jpa.internal.util.LogHelper  : HHH000204: Processing PersistenceUnitInfo [name: default]
2022-08-30 12:18:50.441  INFO 9884 --- [restartedMain] com.zaxxer.hikari.HikariDataSource       : HikariPool-5 - Starting...
2022-08-30 12:18:50.485  INFO 9884 --- [restartedMain] com.zaxxer.hikari.HikariDataSource       : HikariPool-5 - Start completed.
2022-08-30 12:18:50.485  INFO 9884 --- [restartedMain] org.hibernate.dialect.Dialect            : HHH000400: Using dialect: org.hibernate.dialect.PostgreSQL92Dialect
2022-08-30 12:18:50.698  INFO 9884 --- [restartedMain] o.h.e.t.j.p.i.JtaPlatformInitiator       : HHH000490: Using JtaPlatform implementation: [org.hibernate.engine.transaction.jta.platform.internal.NoJtaPlatform]
2022-08-30 12:18:50.698  INFO 9884 --- [restartedMain] j.LocalContainerEntityManagerFactoryBean : Initialized JPA EntityManagerFactory for persistence unit 'default'
2022-08-30 12:18:50.843  WARN 9884 --- [restartedMain] JpaBaseConfiguration$JpaWebConfiguration : spring.jpa.open-in-view is enabled by default. Therefore, database queries may be performed during view rendering. Explicitly configure spring.jpa.open-in-view to disable this warning
2022-08-30 12:18:51.194  INFO 9884 --- [restartedMain] o.s.s.web.DefaultSecurityFilterChain     : Will secure any request with [org.springframework.security.web.context.request.async.WebAsyncManagerIntegrationFilter@13f88135, org.springframework.security.web.context.SecurityContextPersistenceFilter@77a8e738, org.springframework.security.web.header.HeaderWriterFilter@505f94d5, org.springframework.web.filter.CorsFilter@4823946e, org.springframework.security.web.authentication.logout.LogoutFilter@b1baa1, com.nic.edetection.security.JwtRequestFilter@18314707, org.springframework.security.web.savedrequest.RequestCacheAwareFilter@7e3f773b, org.springframework.security.web.servletapi.SecurityContextHolderAwareRequestFilter@52eaad15, org.springframework.security.web.authentication.AnonymousAuthenticationFilter@3b3dbb9, org.springframework.security.web.session.SessionManagementFilter@2cc97afc, org.springframework.security.web.access.ExceptionTranslationFilter@409920e6, org.springframework.security.web.access.intercept.FilterSecurityInterceptor@12de4bbe]
2022-08-30 12:18:51.354  INFO 9884 --- [restartedMain] o.s.b.d.a.OptionalLiveReloadServer       : LiveReload server is running on port 35729
2022-08-30 12:18:51.375  INFO 9884 --- [restartedMain] o.s.b.w.embedded.tomcat.TomcatWebServer  : Tomcat started on port(s): 8090 (http) with context path '/eDetectionServer'
2022-08-30 12:18:51.379  INFO 9884 --- [restartedMain] c.n.e.EDetectionServerApplication        : Started EDetectionServerApplication in 2.96 seconds (JVM running for 55069.489)
2022-08-30 12:18:51.382  INFO 9884 --- [restartedMain] .ConditionEvaluationDeltaLoggingListener : Condition evaluation unchanged
2022-08-30 12:19:19.641  INFO 9884 --- [Thread-25] j.LocalContainerEntityManagerFactoryBean : Closing JPA EntityManagerFactory for persistence unit 'default'
2022-08-30 12:19:19.641  INFO 9884 --- [Thread-25] com.zaxxer.hikari.HikariDataSource       : HikariPool-5 - Shutdown initiated...
2022-08-30 12:19:19.643  INFO 9884 --- [Thread-25] com.zaxxer.hikari.HikariDataSource       : HikariPool-5 - Shutdown completed.
