2022-08-30 12:19:19.721  INFO 9884 --- [restartedMain] c.n.e.EDetectionServerApplication        : Starting EDetectionServerApplication using Java 17.0.1 on legendBibhu with PID 9884 (D:\NIC\Applications\Vahan_app\vahan_app\eDetection2.0\e-detection-server-2.0\target\classes started by Dell in D:\NIC\Applications\Vahan_app\vahan_app\eDetection2.0\e-detection-server-2.0)
2022-08-30 12:19:19.722  INFO 9884 --- [restartedMain] c.n.e.EDetectionServerApplication        : No active profile set, falling back to default profiles: default
2022-08-30 12:19:19.835  INFO 9884 --- [restartedMain] .s.d.r.c.RepositoryConfigurationDelegate : Bootstrapping Spring Data JPA repositories in DEFAULT mode.
2022-08-30 12:19:19.862  INFO 9884 --- [restartedMain] .s.d.r.c.RepositoryConfigurationDelegate : Finished Spring Data repository scanning in 26 ms. Found 10 JPA repository interfaces.
2022-08-30 12:19:19.898  INFO 9884 --- [restartedMain] ptablePropertiesBeanFactoryPostProcessor : Post-processing PropertySource instances
2022-08-30 12:19:19.898  INFO 9884 --- [restartedMain] c.u.j.EncryptablePropertySourceConverter : Converting PropertySource configurationProperties [org.springframework.boot.context.properties.source.ConfigurationPropertySourcesPropertySource] to AOP Proxy
2022-08-30 12:19:19.898  INFO 9884 --- [restartedMain] c.u.j.EncryptablePropertySourceConverter : Converting PropertySource commandLineArgs [org.springframework.core.env.SimpleCommandLinePropertySource] to EncryptableEnumerablePropertySourceWrapper
2022-08-30 12:19:19.898  INFO 9884 --- [restartedMain] c.u.j.EncryptablePropertySourceConverter : Converting PropertySource servletConfigInitParams [org.springframework.core.env.PropertySource$StubPropertySource] to EncryptablePropertySourceWrapper
2022-08-30 12:19:19.898  INFO 9884 --- [restartedMain] c.u.j.EncryptablePropertySourceConverter : Converting PropertySource servletContextInitParams [org.springframework.core.env.PropertySource$StubPropertySource] to EncryptablePropertySourceWrapper
2022-08-30 12:19:19.898  INFO 9884 --- [restartedMain] c.u.j.EncryptablePropertySourceConverter : Converting PropertySource systemProperties [org.springframework.core.env.PropertiesPropertySource] to EncryptableMapPropertySourceWrapper
2022-08-30 12:19:19.898  INFO 9884 --- [restartedMain] c.u.j.EncryptablePropertySourceConverter : Converting PropertySource systemEnvironment [org.springframework.boot.env.SystemEnvironmentPropertySourceEnvironmentPostProcessor$OriginAwareSystemEnvironmentPropertySource] to EncryptableSystemEnvironmentPropertySourceWrapper
2022-08-30 12:19:19.898  INFO 9884 --- [restartedMain] c.u.j.EncryptablePropertySourceConverter : Converting PropertySource random [org.springframework.boot.env.RandomValuePropertySource] to EncryptablePropertySourceWrapper
2022-08-30 12:19:19.898  INFO 9884 --- [restartedMain] c.u.j.EncryptablePropertySourceConverter : Converting PropertySource Config resource 'class path resource [application.properties]' via location 'optional:classpath:/' [org.springframework.boot.env.OriginTrackedMapPropertySource] to EncryptableMapPropertySourceWrapper
2022-08-30 12:19:19.898  INFO 9884 --- [restartedMain] c.u.j.EncryptablePropertySourceConverter : Converting PropertySource devtools [org.springframework.core.env.MapPropertySource] to EncryptableMapPropertySourceWrapper
2022-08-30 12:19:19.905  INFO 9884 --- [restartedMain] c.u.j.filter.DefaultLazyPropertyFilter   : Property Filter custom Bean not found with name 'encryptablePropertyFilter'. Initializing Default Property Filter
2022-08-30 12:19:19.915  INFO 9884 --- [restartedMain] c.u.j.r.DefaultLazyPropertyResolver      : Property Resolver custom Bean not found with name 'encryptablePropertyResolver'. Initializing Default Property Resolver
2022-08-30 12:19:19.915  INFO 9884 --- [restartedMain] c.u.j.d.DefaultLazyPropertyDetector      : Property Detector custom Bean not found with name 'encryptablePropertyDetector'. Initializing Default Property Detector
2022-08-30 12:19:19.965  INFO 9884 --- [restartedMain] o.s.b.w.embedded.tomcat.TomcatWebServer  : Tomcat initialized with port(s): 8090 (http)
2022-08-30 12:19:19.965  INFO 9884 --- [restartedMain] o.apache.catalina.core.StandardService   : Starting service [Tomcat]
2022-08-30 12:19:19.966  INFO 9884 --- [restartedMain] org.apache.catalina.core.StandardEngine  : Starting Servlet engine: [Apache Tomcat/9.0.56]
2022-08-30 12:19:19.976  INFO 9884 --- [restartedMain] o.a.c.c.C.[.[.[/eDetectionServer]        : Initializing Spring embedded WebApplicationContext
2022-08-30 12:19:19.976  INFO 9884 --- [restartedMain] w.s.c.ServletWebServerApplicationContext : Root WebApplicationContext: initialization completed in 253 ms
2022-08-30 12:19:20.023  INFO 9884 --- [restartedMain] o.hibernate.jpa.internal.util.LogHelper  : HHH000204: Processing PersistenceUnitInfo [name: default]
2022-08-30 12:19:20.025  INFO 9884 --- [restartedMain] com.zaxxer.hikari.HikariDataSource       : HikariPool-6 - Starting...
2022-08-30 12:19:20.064  INFO 9884 --- [restartedMain] com.zaxxer.hikari.HikariDataSource       : HikariPool-6 - Start completed.
2022-08-30 12:19:20.065  INFO 9884 --- [restartedMain] org.hibernate.dialect.Dialect            : HHH000400: Using dialect: org.hibernate.dialect.PostgreSQL92Dialect
2022-08-30 12:19:20.195  INFO 9884 --- [restartedMain] o.h.e.t.j.p.i.JtaPlatformInitiator       : HHH000490: Using JtaPlatform implementation: [org.hibernate.engine.transaction.jta.platform.internal.NoJtaPlatform]
2022-08-30 12:19:20.196  INFO 9884 --- [restartedMain] j.LocalContainerEntityManagerFactoryBean : Initialized JPA EntityManagerFactory for persistence unit 'default'
2022-08-30 12:19:20.274  WARN 9884 --- [restartedMain] JpaBaseConfiguration$JpaWebConfiguration : spring.jpa.open-in-view is enabled by default. Therefore, database queries may be performed during view rendering. Explicitly configure spring.jpa.open-in-view to disable this warning
2022-08-30 12:19:20.625  INFO 9884 --- [restartedMain] o.s.s.web.DefaultSecurityFilterChain     : Will secure any request with [org.springframework.security.web.context.request.async.WebAsyncManagerIntegrationFilter@24f85a17, org.springframework.security.web.context.SecurityContextPersistenceFilter@2d628c79, org.springframework.security.web.header.HeaderWriterFilter@18a5dab2, org.springframework.web.filter.CorsFilter@15c8fc2c, org.springframework.security.web.authentication.logout.LogoutFilter@781da0a4, com.nic.edetection.security.JwtRequestFilter@71259551, org.springframework.security.web.savedrequest.RequestCacheAwareFilter@5c477c00, org.springframework.security.web.servletapi.SecurityContextHolderAwareRequestFilter@6a015d70, org.springframework.security.web.authentication.AnonymousAuthenticationFilter@2cb46ed0, org.springframework.security.web.session.SessionManagementFilter@795a5aaf, org.springframework.security.web.access.ExceptionTranslationFilter@2ddb81f4, org.springframework.security.web.access.intercept.FilterSecurityInterceptor@47acf0a1]
2022-08-30 12:19:20.766  INFO 9884 --- [restartedMain] o.s.b.d.a.OptionalLiveReloadServer       : LiveReload server is running on port 35729
2022-08-30 12:19:20.777  INFO 9884 --- [restartedMain] o.s.b.w.embedded.tomcat.TomcatWebServer  : Tomcat started on port(s): 8090 (http) with context path '/eDetectionServer'
2022-08-30 12:19:20.782  INFO 9884 --- [restartedMain] c.n.e.EDetectionServerApplication        : Started EDetectionServerApplication in 1.081 seconds (JVM running for 55098.892)
2022-08-30 12:19:20.784  INFO 9884 --- [restartedMain] .ConditionEvaluationDeltaLoggingListener : Condition evaluation unchanged
2022-08-30 13:51:43.591  INFO 9884 --- [http-nio-8090-exec-1] o.a.c.c.C.[.[.[/eDetectionServer]        : Initializing Spring DispatcherServlet 'dispatcherServlet'
2022-08-30 13:51:43.653  INFO 9884 --- [http-nio-8090-exec-1] o.s.web.servlet.DispatcherServlet        : Initializing Servlet 'dispatcherServlet'
2022-08-30 13:51:43.653  INFO 9884 --- [http-nio-8090-exec-1] o.s.web.servlet.DispatcherServlet        : Completed initialization in 0 ms
2022-08-30 15:45:14.047  WARN 9884 --- [http-nio-8090-exec-6] c.n.e.security.JwtRequestFilter          : JWT Token does not begin with Bearer String
2022-08-30 15:45:14.047  WARN 9884 --- [http-nio-8090-exec-7] c.n.e.security.JwtRequestFilter          : JWT Token does not begin with Bearer String
2022-08-30 15:45:14.841  INFO 9884 --- [http-nio-8090-exec-7] c.n.e.controller.UserLoginController     : this is a info message
2022-08-30 16:33:48.071  INFO 9884 --- [RMI TCP Connection(402)-127.0.0.1] inMXBeanRegistrar$SpringApplicationAdmin : Application shutdown requested.
2022-08-30 16:33:48.185  INFO 9884 --- [RMI TCP Connection(402)-127.0.0.1] j.LocalContainerEntityManagerFactoryBean : Closing JPA EntityManagerFactory for persistence unit 'default'
2022-08-30 16:33:48.187  INFO 9884 --- [RMI TCP Connection(402)-127.0.0.1] com.zaxxer.hikari.HikariDataSource       : HikariPool-6 - Shutdown initiated...
2022-08-30 16:33:48.189  INFO 9884 --- [RMI TCP Connection(402)-127.0.0.1] com.zaxxer.hikari.HikariDataSource       : HikariPool-6 - Shutdown completed.
